TN:
SF:/home/m/Desktop/platzi/courses/node/avance/realTimeNodeJS/realTimeNodeJS-db/index.js
FN:10,(anonymous_0)
FNF:1
FNH:1
FNDA:9,(anonymous_0)
DA:3,9
DA:4,9
DA:5,9
DA:6,9
DA:7,9
DA:8,9
DA:10,9
DA:11,9
DA:23,9
DA:24,9
DA:25,9
DA:27,9
DA:28,9
DA:30,9
DA:32,9
DA:33,0
DA:36,9
DA:37,9
DA:39,9
LF:19
LH:18
BRDA:32,0,0,0
BRDA:32,0,1,9
BRF:2
BRH:1
end_of_record
TN:
SF:/home/m/Desktop/platzi/courses/node/avance/realTimeNodeJS/realTimeNodeJS-db/lib/agent.js
FN:3,setupAgent
FN:4,findById
FN:8,createOrUpdate
FN:26,findByUuid
FN:34,findAll
FN:38,findConnected
FN:46,findByUsername
FNF:7
FNH:7
FNDA:9,setupAgent
FNDA:1,findById
FNDA:2,createOrUpdate
FNDA:1,findByUuid
FNDA:1,findAll
FNDA:1,findConnected
FNDA:1,findByUsername
DA:3,1
DA:5,1
DA:9,2
DA:15,2
DA:17,2
DA:18,1
DA:19,1
DA:22,1
DA:23,1
DA:27,1
DA:35,1
DA:39,1
DA:47,1
DA:55,9
LF:14
LH:14
BRDA:17,0,0,1
BRDA:17,0,1,1
BRDA:19,1,0,1
BRDA:19,1,1,0
BRF:4
BRH:3
end_of_record
TN:
SF:/home/m/Desktop/platzi/courses/node/avance/realTimeNodeJS/realTimeNodeJS-db/lib/db.js
FN:6,setupDatabase
FNF:1
FNH:1
FNDA:9,setupDatabase
DA:3,1
DA:4,1
DA:6,1
DA:7,9
DA:8,1
DA:10,9
LF:6
LH:6
BRDA:7,0,0,1
BRDA:7,0,1,8
BRF:2
BRH:2
end_of_record
TN:
SF:/home/m/Desktop/platzi/courses/node/avance/realTimeNodeJS/realTimeNodeJS-db/lib/metric.js
FN:3,setupMetric
FN:4,findByAgentUuid
FN:18,create
FNF:3
FNH:1
FNDA:9,setupMetric
FNDA:0,findByAgentUuid
FNDA:0,create
DA:3,1
DA:5,0
DA:19,0
DA:23,0
DA:24,0
DA:25,0
DA:26,0
DA:30,9
LF:8
LH:2
BRDA:23,0,0,0
BRDA:23,0,1,0
BRF:2
BRH:0
end_of_record
TN:
SF:/home/m/Desktop/platzi/courses/node/avance/realTimeNodeJS/realTimeNodeJS-db/models/agent.js
FN:6,setupAgentModel
FNF:1
FNH:0
FNDA:0,setupAgentModel
DA:3,1
DA:4,1
DA:6,1
DA:7,0
DA:9,0
LF:5
LH:3
BRF:0
BRH:0
end_of_record
TN:
SF:/home/m/Desktop/platzi/courses/node/avance/realTimeNodeJS/realTimeNodeJS-db/models/metric.js
FN:6,setupMetricModel
FNF:1
FNH:0
FNDA:0,setupMetricModel
DA:3,1
DA:4,1
DA:6,1
DA:7,0
DA:9,0
LF:5
LH:3
BRF:0
BRH:0
end_of_record
TN:
SF:/home/m/Desktop/platzi/courses/node/avance/realTimeNodeJS/realTimeNodeJS-db/tests/agent-tests.js
FN:10,(anonymous_4)
FN:46,(anonymous_5)
FN:77,(anonymous_6)
FN:78,(anonymous_7)
FN:83,(anonymous_8)
FN:87,(anonymous_9)
FN:91,(anonymous_10)
FN:98,(anonymous_11)
FN:107,(anonymous_12)
FN:117,(anonymous_13)
FN:128,(anonymous_14)
FN:139,(anonymous_15)
FN:150,(anonymous_16)
FN:161,(anonymous_17)
FNF:14
FNH:13
FNDA:0,(anonymous_4)
FNDA:9,(anonymous_5)
FNDA:9,(anonymous_6)
FNDA:9,(anonymous_7)
FNDA:9,(anonymous_8)
FNDA:1,(anonymous_9)
FNDA:1,(anonymous_10)
FNDA:1,(anonymous_11)
FNDA:1,(anonymous_12)
FNDA:1,(anonymous_13)
FNDA:1,(anonymous_14)
FNDA:1,(anonymous_15)
FNDA:1,(anonymous_16)
FNDA:1,(anonymous_17)
DA:3,1
DA:4,1
DA:5,1
DA:7,1
DA:9,1
DA:13,1
DA:18,1
DA:19,1
DA:20,1
DA:21,1
DA:22,1
DA:23,1
DA:25,1
DA:29,1
DA:33,1
DA:37,1
DA:46,1
DA:47,9
DA:48,9
DA:53,9
DA:54,9
DA:55,1
DA:59,9
DA:60,9
DA:63,9
DA:64,9
DA:67,9
DA:68,9
DA:71,9
DA:72,9
DA:73,9
DA:74,9
DA:76,9
DA:77,9
DA:78,9
DA:80,9
DA:83,1
DA:84,9
DA:87,1
DA:88,1
DA:91,4
DA:92,1
DA:93,1
DA:94,1
DA:95,1
DA:98,3
DA:99,1
DA:100,1
DA:101,1
DA:102,1
DA:104,1
DA:107,3
DA:108,1
DA:110,1
DA:111,1
DA:112,1
DA:114,1
DA:117,3
DA:118,1
DA:120,1
DA:121,1
DA:122,1
DA:124,1
DA:125,1
DA:128,3
DA:129,1
DA:131,1
DA:132,1
DA:133,1
DA:135,1
DA:136,1
DA:139,3
DA:140,1
DA:142,1
DA:143,1
DA:144,1
DA:146,1
DA:147,1
DA:150,5
DA:151,1
DA:152,1
DA:153,1
DA:154,1
DA:155,1
DA:156,1
DA:158,1
DA:161,6
DA:162,1
DA:164,1
DA:165,1
DA:166,1
DA:169,1
DA:170,1
DA:171,1
DA:173,1
LF:95
LH:95
BRDA:84,0,0,9
BRDA:84,0,1,9
BRF:2
BRH:2
end_of_record
TN:
SF:/home/m/Desktop/platzi/courses/node/avance/realTimeNodeJS/realTimeNodeJS-db/tests/fixtures/agent.js
FN:21,extend
FN:28,(anonymous_1)
FN:29,(anonymous_2)
FN:30,(anonymous_3)
FN:30,(anonymous_4)
FN:31,(anonymous_5)
FN:31,(anonymous_6)
FNF:7
FNH:7
FNDA:3,extend
FNDA:4,(anonymous_1)
FNDA:4,(anonymous_2)
FNDA:10,(anonymous_3)
FNDA:40,(anonymous_4)
FNDA:10,(anonymous_5)
FNDA:40,(anonymous_6)
DA:3,1
DA:14,1
DA:22,3
DA:23,3
DA:25,1
DA:28,4
DA:29,4
DA:30,40
DA:31,40
LF:9
LH:9
BRF:0
BRH:0
end_of_record
